==================== 2025-12-16T11:27:44.564090Z | 019b26ea-8d9a-7993-b8e7-0c8433ec42dd ====================
Installing dbt project and profile setup
11:27:44.670280 [info ]: Info Created .vscode/extensions.json with dbt extension recommendation
11:27:44.670350 [info ]: Success Project created successfully!
11:27:44.670362 [info ]: Info Project name: jaffle_shop
11:27:44.670371 [info ]: Info Project directory: jaffle_shop
11:27:44.670379 [info ]: Info Setting up your profile...
11:27:44.671046 [info ]: Info Creating new profile...
11:27:46.737101 [info ]: No dbt_cloud.yml found - proceeding without cloud pre-population
11:28:31.077616 [info ]: Success Profile written to /Users/jonnygreenwood/.dbt/profiles.yml
dbt-fusion 2.0.0-preview.85
11:28:31.077771 [info ]: Validating profile inputs, adapters, and connection

11:28:31.078549 [info ]: Started loading project
   Loading ~/.dbt/profiles.yml
11:28:31.085864 [info ]: Finished loading project [  0.01s]
11:28:31.086060 [info ]: Started debugging
11:28:31.086134 [info ]: Debugging profile: dev
11:28:31.086177 [info ]: Debugging dbt version: 2.0.0-preview.85
11:28:31.086190 [info ]: Debugging platform: macos aarch64 (unix)
11:28:31.086225 [info ]: Debugging adapter type: snowflake (remote)
11:28:31.116807 [info ]: Debugging dependencies:
  git: OK
11:28:31.117103 [info ]: Debugging connection:
  "account": "hukihlk-kvb89980",
  "user": "JONNYGREENWOOD",
  "database": "AIRBNB",
  "warehouse": "COMPUTE_WH",
  "schema": "l0",
  "role": "ACCOUNTADMIN"
11:28:32.647622 [debug]: Query executed on node unknown:
select 1 as id
11:28:32.906397 [info ]: Debugging connection test: OK
11:28:32.907196 [info ]: Debugged All checks passed!
11:28:32.907595 [info ]: Finished debugging [  1.82s]
New version available 2.0.0-preview.86 (run `dbt system update`)
11:28:33.186492 [info ]: 
==================== Execution Summary =====================
Finished 'init' successfully for target 'dev' [48.6s]
